2021-09-27 18:08:26,510   11896     INFO test_runner.py(156) - 预计并发线程数：1
2021-09-27 18:08:26,516   18152     INFO result.py(69) - 开始测试： test_01_applyClient用户资料提交用例校验 (Test_Case.test_运营用户创建审批.Test_creatUser新建用户)
2021-09-27 18:08:26,516   18152     INFO test_运营用户创建审批.py(13) - 初始化CreatUser
2021-09-27 18:08:26,551   18152     INFO CreatUser.py(57) - 记录数据的文件名为：userdatainf.txt，写入数据为:['12682165817', 'j00qBRwW@gzz.com', 'Churchillp', 'Vvincent', '傅铃Y', '330101197301301035', 'mrs']
2021-09-27 18:08:26,757   18152     INFO CreatUser.py(72) - 当前token为:9F2BF5D1DBB334F4AC5A7F15937C055A7AC79FFD18F78973
2021-09-27 18:08:26,787   18152     INFO CreatUser.py(77) - 提交申请单时注册用户手机号码为：12682165817
2021-09-27 18:08:26,980   18152     INFO CreatUser.py(251) - 步骤1接口'http://sit-cdms.ynm3k.com//api/client/applyClient';请求参数为:{'infos': [{'title': 'mrs', 'informationType': 1, 'firstName': 'Churchillp', 'lastName': 'Vvincent', 'chName': '傅铃Y', 'usedCnName': 'Vvincent12682165817', 'usedChName': '傅铃Y接口自动化创建账号', 'email': 'j00qBRwW@gzz.com', 'phoneAreaCode': 'CHN', 'phoneNo': '12682165817', 'houseAddress': '中英街12682165817号', 'houseAddressPinYin': 'zhon12682165817hao', 'postAddress': '接口自动化', 'natnlty': 'CHN', 'idCardType': '2', 'idCardNo': '330101197301301035', 'otherCardType': '', 'otherCardNo': '', 'countryIssue': 'CHN', 'overCountry': 'CHN', 'birthday': '1994-08-09', 'idExpiresDate': '2023-08-31', 'birthdayPlace': 'CHN', 'employmentStatus': 'self', 'post': 'businessOwner', 'workingYear': '11', 'companyName': '接口自动化12682165817', 'businessNature': 'wholesale&retail', 'officeAddress': '4784551224512682165817', 'officePhone': '0771-12682165817', 'registeredCompany': 'Y', 'employmentRemark': '', 'totalIncomeYear': 'gt1000000', 'sourceOfIncome': ['selfOperatedBusinessIncome', 'salary'], 'sourceOfIncomeRemake': '', 'totalCapital': 'gt8000000', 'sourceOfCapital': ['salary', 'savings', 'pension'], 'sourceOfCapitalRemark': '', 'sourceOfMoney': ['selfOperated'], 'sourceOfMoneyRemark': '', 'securitiesExperience': 'gt10Years', 'cbbcExperience': 'gt10Years', 'warrantExperience': 'gt10Years', 'futuresExperience': 'gt10Years', 'optionsExperience': 'gt10Years', 'foreignExchangExperience': 'gt10Years', 'metalExperience': 'gt10Years', 'autoTransationExperience': 'gt10Years', 'otherInvest': '', 'otherExperience': '', 'withDerivativesKnowledge': 'Y', 'withDerivativesWoking': 'Y', 'withDerivativesDeal': 'Y', 'applicationOpenDerivatives': 'Y', 'understandTheRisks': 'Y', 'haveDeclaredBankruptcy': 'N', 'declaredBankruptcyDate': '', 'isInternalStaff': 'N', 'staffNameRelationship': '', 'relationshipWithInternalEmployees': 'Y', 'employeesName': '11212', 'isRegisteredPerson': 'N', 'registeredPersonRemark': '', 'isUsPerson': 'N', 'taxNumber': '', 'isUsTaxPerson': 'N', 'taxNumberTwo': '', 'isPepPerson': 'N', 'pepPersonName': '', 'investmentObjective': ['asset', 'income'], 'riskTolerance': 'high', 'throughChannels': ['lecture'], 'throughChannelRemark': '', 'isFinalBeneficiary': 'Y', 'finalBeneficiaryName': '', 'isFinalPrincipal': 'Y', 'finalPrincipalName': '', 'businessNatureRemark': ''}], 'marginAcctS': [], 'taxs': [{'residencyJurisdiction': 'CHN', 'taxNumber': '', 'resonType': 'A', 'resonRemark': ''}], 'attachs': {'passportMaterial': ['/hzlc_20210819191744.jpg'], 'addressVerificationMaterials': ['/hzlc_20210819191748.jpg'], 'bankCardMaterials': ['/hzlc_20210819191751.jpg'], 'proofOfIncome': ['/hzlc_20210819191759.jpg'], 'writtenApplicationMaterials': ['/APP_20200811142432_20210819191759.pdf'], 'otherInformation': ['/dinggg_20210819191801.jpg'], 'bankruptcyProve': [], 'acquaintHighLevelInstructionsProve': [], 'tradingAuthorization': []}, 'settleAcctS': [], 'clientType': 'PERSONAL', 'openWay': 'visitingAccount', 'bankName': '', 'bankCardNo': '', 'elecNo': '', 'responsible': 'kwokwah.wong', 'emailLanguage': 'zh-hans', 'accts': ['futuresMargin'], 'promotionNumber': 'EDAC520', 'agreeToTheTerms': 'true', 'personalInfoDeclartion': 'true'};响应结果为：'{"code":"0000","msg":"操作成功","data":null}'
2021-09-27 18:08:32,992   18152     INFO test_运营用户创建审批.py(115) - 接口请求完成后，等待系统处理数据，等待6秒
2021-09-27 18:08:32,992   18152     INFO result.py(156) - 测试执行通过： test_01_applyClient用户资料提交用例校验 (Test_Case.test_运营用户创建审批.Test_creatUser新建用户)
2021-09-27 18:08:32,998   18152     INFO result.py(90) - 测试结束： test_01_applyClient用户资料提交用例校验 (Test_Case.test_运营用户创建审批.Test_creatUser新建用户)
2021-09-27 18:08:33,004   18152     INFO result.py(91) - 耗时： 6.481827974319458
2021-09-27 18:08:33,004   18152     INFO result.py(69) - 开始测试： test_02_submitAudit提交审核 (Test_Case.test_运营用户创建审批.Test_creatUser新建用户)
2021-09-27 18:08:33,004   18152     INFO test_运营用户创建审批.py(13) - 初始化CreatUser
2021-09-27 18:08:33,004   18152     INFO CreatUser.py(259) - 等待系统录入数据后再修改WorldCheck的状态，等待时间20s
2021-09-27 18:08:53,699   18152     INFO CreatUser.py(263) - *******************************************已完成修改WorldCheck的状态为FALSE*******************************************
2021-09-27 18:09:08,706   18152     INFO CreatUser.py(272) - 当前token为:9F2BF5D1DBB334F4AC5A7F15937C055A7AC79FFD18F78973
2021-09-27 18:09:08,717   18152     INFO CreatUser.py(278) - 提交审核获取到的手机号为：12682165817
2021-09-27 18:09:08,926   18152     INFO CreatUser.py(289) - 步骤2提交审核接口'http://sit-cdms.ynm3k.com//api/client/submitAudit';请求参数为:{'applyId': 1149175, 'clientSource': 'CDMS', 'workFlowCode': 'openClient'};响应结果为:'{"code":"0000","msg":"操作成功","data":null}'
2021-09-27 18:09:14,967   18152     INFO test_运营用户创建审批.py(115) - 接口请求完成后，等待系统处理数据，等待6秒
2021-09-27 18:09:14,967   18152     INFO result.py(156) - 测试执行通过： test_02_submitAudit提交审核 (Test_Case.test_运营用户创建审批.Test_creatUser新建用户)
2021-09-27 18:09:14,967   18152     INFO result.py(90) - 测试结束： test_02_submitAudit提交审核 (Test_Case.test_运营用户创建审批.Test_creatUser新建用户)
2021-09-27 18:09:14,973   18152     INFO result.py(91) - 耗时： 41.96353101730347
2021-09-27 18:09:14,979   18152     INFO result.py(69) - 开始测试： test_03_operatingWorkFlowFirst提交锁 (Test_Case.test_运营用户创建审批.Test_creatUser新建用户)
2021-09-27 18:09:14,979   18152     INFO test_运营用户创建审批.py(13) - 初始化CreatUser
2021-09-27 18:09:14,979   18152     INFO CreatUser.py(300) - 当前token为:9F2BF5D1DBB334F4AC5A7F15937C055A7AC79FFD18F78973
2021-09-27 18:09:14,979   18152     INFO CreatUser.py(308) - 提交审核获取到的手机号为：12682165817
2021-09-27 18:09:15,041   18152     INFO CreatUser.py(319) - 步骤3提交审核接口'http://sit-cdms.ynm3k.com//api/common/operatingWorkFlow';请求参数为:{'applyId': 1149175, 'workFlowCode': 'openClient', 'controlCode': 'LOCK'};响应结果为:'{"code":"0000","msg":"操作成功","data":[{"applyId":"1149175","applyNo":null,"result":true,"operatingMessage":"操作成功"}]}'
2021-09-27 18:09:21,048   18152     INFO test_运营用户创建审批.py(115) - 接口请求完成后，等待系统处理数据，等待6秒
2021-09-27 18:09:21,048   18152     INFO result.py(156) - 测试执行通过： test_03_operatingWorkFlowFirst提交锁 (Test_Case.test_运营用户创建审批.Test_creatUser新建用户)
2021-09-27 18:09:21,054   18152     INFO result.py(90) - 测试结束： test_03_operatingWorkFlowFirst提交锁 (Test_Case.test_运营用户创建审批.Test_creatUser新建用户)
2021-09-27 18:09:21,060   18152     INFO result.py(91) - 耗时： 6.074561357498169
2021-09-27 18:09:21,065   18152     INFO result.py(69) - 开始测试： test_04_saveRiskAssessment风控评估提交 (Test_Case.test_运营用户创建审批.Test_creatUser新建用户)
2021-09-27 18:09:21,065   18152     INFO test_运营用户创建审批.py(13) - 初始化CreatUser
2021-09-27 18:09:21,065   18152     INFO CreatUser.py(338) - 当前applyId为：1149175
2021-09-27 18:09:21,127   18152     INFO CreatUser.py(362) - 步骤4提交审核接口'http://sit-cdms.ynm3k.com//api/client/saveRiskAssessment';请求参数为:{'applyId': 1149175, 'riskAssessmentInfoDTO': {'isAmlOrCft': 'true', 'isPeb': None, 'isPolice': None, 'isIcac': None, 'isHighRiskBusiness': None, 'isJfiu': None, 'isCorruption': None, 'isOtherInformation': None, 'nonFaceToFace': None, 'isUnemployed': None, 'isNonFatf': None, 'isNonFinancial': None, 'isTemporaryAddr': None, 'residence': '新西兰', 'otherInformation': '', 'riskAssessmentLevel': 'TERMINATE'}};响应结果为:'{"code":"0000","msg":"操作成功","data":null}'
2021-09-27 18:09:27,145   18152     INFO test_运营用户创建审批.py(115) - 接口请求完成后，等待系统处理数据，等待6秒
2021-09-27 18:09:27,145   18152     INFO result.py(156) - 测试执行通过： test_04_saveRiskAssessment风控评估提交 (Test_Case.test_运营用户创建审批.Test_creatUser新建用户)
2021-09-27 18:09:27,145   18152     INFO result.py(90) - 测试结束： test_04_saveRiskAssessment风控评估提交 (Test_Case.test_运营用户创建审批.Test_creatUser新建用户)
2021-09-27 18:09:27,151   18152     INFO result.py(91) - 耗时： 6.079733848571777
2021-09-27 18:09:27,151   18152     INFO result.py(69) - 开始测试： test_05_operatingWorkFlow内部人员审核 (Test_Case.test_运营用户创建审批.Test_creatUser新建用户)
2021-09-27 18:09:27,151   18152     INFO test_运营用户创建审批.py(13) - 初始化CreatUser
2021-09-27 18:09:27,151   18152     INFO CreatUser.py(374) - 当前token为:9F2BF5D1DBB334F4AC5A7F15937C055A7AC79FFD18F78973
2021-09-27 18:09:27,321   18152     INFO CreatUser.py(473) - 步骤5提交审核接口'http://sit-cdms.ynm3k.com//api/common/operatingWorkFlow';请求参数为:{'applyId': 1149175, 'checkItemList': [{'itemId': '1', 'itemCde': 'Application Form', 'itemDesc': 'Application Form', 'cscheckFlag': 'true', 'rocheckFlag': 'false', 'opscheckFlag': 'false'}, {'itemId': '2', 'itemCde': 'Fee schedule', 'itemDesc': 'Fee schedule', 'cscheckFlag': 'true', 'rocheckFlag': 'false', 'opscheckFlag': 'false'}, {'itemId': '3', 'itemCde': 'ID card Copy', 'itemDesc': 'ID card Copy', 'cscheckFlag': 'true', 'rocheckFlag': 'false', 'opscheckFlag': 'false'}, {'itemId': '4', 'itemCde': 'SFC search', 'itemDesc': 'SFC search', 'cscheckFlag': 'true', 'rocheckFlag': 'false', 'opscheckFlag': 'false'}, {'itemId': '5', 'itemCde': 'Worldcheck', 'itemDesc': 'Worldcheck', 'cscheckFlag': 'false', 'rocheckFlag': 'false', 'opscheckFlag': 'false'}, {'itemId': '6', 'itemCde': 'Address Proof (if any)', 'itemDesc': 'Address Proof (if any)', 'cscheckFlag': 'false', 'rocheckFlag': 'false', 'opscheckFlag': 'false'}, {'itemId': '7', 'itemCde': 'Bank proof (if any)', 'itemDesc': 'Bank proof (if any)', 'cscheckFlag': 'false', 'rocheckFlag': 'false', 'opscheckFlag': 'false'}, {'itemId': '8', 'itemCde': 'Source of Fund (if any)', 'itemDesc': 'Source of Fund (if any)', 'cscheckFlag': 'false', 'rocheckFlag': 'false', 'opscheckFlag': 'false'}, {'itemId': '9', 'itemCde': 'Source of Wealth (if any)', 'itemDesc': 'Source of Wealth (if any)', 'cscheckFlag': 'false', 'rocheckFlag': 'false', 'opscheckFlag': 'false'}, {'itemId': '10', 'itemCde': 'Other', 'itemDesc': 'Other', 'cscheckFlag': 'false', 'rocheckFlag': 'false', 'opscheckFlag': 'false'}], 'workFlowCode': 'openClient', 'controlCode': 'PASS', 'isStaff': 'false', 'lockBy': 'ED_RO', 'licensedPersonSign': ''};响应结果为:'{"code":"0000","msg":"操作成功","data":[{"applyId":"1149175","applyNo":null,"result":true,"operatingMessage":""}]}'
2021-09-27 18:09:33,333   18152     INFO test_运营用户创建审批.py(115) - 接口请求完成后，等待系统处理数据，等待6秒
2021-09-27 18:09:33,333   18152     INFO result.py(156) - 测试执行通过： test_05_operatingWorkFlow内部人员审核 (Test_Case.test_运营用户创建审批.Test_creatUser新建用户)
2021-09-27 18:09:33,339   18152     INFO result.py(90) - 测试结束： test_05_operatingWorkFlow内部人员审核 (Test_Case.test_运营用户创建审批.Test_creatUser新建用户)
2021-09-27 18:09:33,345   18152     INFO result.py(91) - 耗时： 6.18808126449585
2021-09-27 18:09:33,351   18152     INFO result.py(69) - 开始测试： test_06_operatingWorkFlowNo不用锁定审核通过 (Test_Case.test_运营用户创建审批.Test_creatUser新建用户)
2021-09-27 18:09:33,351   18152     INFO test_运营用户创建审批.py(13) - 初始化CreatUser
2021-09-27 18:09:33,351   18152     INFO CreatUser.py(485) - 当前token为:9F2BF5D1DBB334F4AC5A7F15937C055A7AC79FFD18F78973
2021-09-27 18:09:33,351   18152     INFO CreatUser.py(491) - 提交审核获取到的手机号为：12682165817
2021-09-27 18:09:33,351   18152     INFO CreatUser.py(494) - 当前applyId为：1149175
2021-09-27 18:09:33,538   18152     INFO CreatUser.py(584) - 步骤6提交审核接口'http://sit-cdms.ynm3k.com//api/common/operatingWorkFlow';请求参数为:{'applyId': 1149175, 'checkItemList': [{'itemId': '1', 'itemCde': 'Application Form', 'itemDesc': 'Application Form', 'cscheckFlag': 'true', 'rocheckFlag': 'true', 'opscheckFlag': 'false'}, {'itemId': '2', 'itemCde': 'Fee schedule', 'itemDesc': 'Fee schedule', 'cscheckFlag': 'true', 'rocheckFlag': 'true', 'opscheckFlag': 'false'}, {'itemId': '3', 'itemCde': 'ID card Copy', 'itemDesc': 'ID card Copy', 'cscheckFlag': 'true', 'rocheckFlag': 'true', 'opscheckFlag': 'false'}, {'itemId': '4', 'itemCde': 'SFC search', 'itemDesc': 'SFC search', 'cscheckFlag': 'true', 'rocheckFlag': 'true', 'opscheckFlag': 'false'}, {'itemId': '5', 'itemCde': 'Worldcheck', 'itemDesc': 'Worldcheck', 'cscheckFlag': 'false', 'rocheckFlag': 'false', 'opscheckFlag': 'false'}, {'itemId': '6', 'itemCde': 'Address Proof (if any)', 'itemDesc': 'Address Proof (if any)', 'cscheckFlag': 'false', 'rocheckFlag': 'false', 'opscheckFlag': 'false'}, {'itemId': '7', 'itemCde': 'Bank proof (if any)', 'itemDesc': 'Bank proof (if any)', 'cscheckFlag': 'false', 'rocheckFlag': 'false', 'opscheckFlag': 'false'}, {'itemId': '8', 'itemCde': 'Source of Fund (if any)', 'itemDesc': 'Source of Fund (if any)', 'cscheckFlag': 'false', 'rocheckFlag': 'false', 'opscheckFlag': 'false'}, {'itemId': '9', 'itemCde': 'Source of Wealth (if any)', 'itemDesc': 'Source of Wealth (if any)', 'cscheckFlag': 'false', 'rocheckFlag': 'false', 'opscheckFlag': 'false'}, {'itemId': '10', 'itemCde': 'Other', 'itemDesc': 'Other', 'cscheckFlag': 'false', 'rocheckFlag': 'false', 'opscheckFlag': 'false'}], 'workFlowCode': 'openClient', 'controlCode': 'PASS'};响应结果为:'{"code":"0000","msg":"操作成功","data":[{"applyId":"1149175","applyNo":null,"result":true,"operatingMessage":""}]}'
2021-09-27 18:09:39,545   18152     INFO test_运营用户创建审批.py(115) - 接口请求完成后，等待系统处理数据，等待6秒
2021-09-27 18:09:39,545   18152     INFO result.py(156) - 测试执行通过： test_06_operatingWorkFlowNo不用锁定审核通过 (Test_Case.test_运营用户创建审批.Test_creatUser新建用户)
2021-09-27 18:09:39,545   18152     INFO result.py(90) - 测试结束： test_06_operatingWorkFlowNo不用锁定审核通过 (Test_Case.test_运营用户创建审批.Test_creatUser新建用户)
2021-09-27 18:09:39,551   18152     INFO result.py(91) - 耗时： 6.194244146347046
2021-09-27 18:09:39,551   18152     INFO result.py(69) - 开始测试： test_07_operatingWorkFlowAgaint提交锁 (Test_Case.test_运营用户创建审批.Test_creatUser新建用户)
2021-09-27 18:09:39,551   18152     INFO test_运营用户创建审批.py(13) - 初始化CreatUser
2021-09-27 18:09:39,551   18152     INFO CreatUser.py(602) - 提交审核获取到的手机号为：12682165817
2021-09-27 18:09:39,605   18152     INFO CreatUser.py(613) - 提交审核接口'http://sit-cdms.ynm3k.com//api/common/operatingWorkFlow';请求参数为:{'applyId': 1149175, 'workFlowCode': 'openClient', 'controlCode': 'LOCK'};响应结果为:'{"code":"0000","msg":"操作成功","data":[{"applyId":"1149175","applyNo":null,"result":true,"operatingMessage":"操作成功"}]}'
2021-09-27 18:09:45,617   18152     INFO test_运营用户创建审批.py(115) - 接口请求完成后，等待系统处理数据，等待6秒
2021-09-27 18:09:45,617   18152     INFO result.py(156) - 测试执行通过： test_07_operatingWorkFlowAgaint提交锁 (Test_Case.test_运营用户创建审批.Test_creatUser新建用户)
2021-09-27 18:09:45,617   18152     INFO result.py(90) - 测试结束： test_07_operatingWorkFlowAgaint提交锁 (Test_Case.test_运营用户创建审批.Test_creatUser新建用户)
2021-09-27 18:09:45,623   18152     INFO result.py(91) - 耗时： 6.066094398498535
2021-09-27 18:09:45,623   18152     INFO result.py(69) - 开始测试： test_08_batchOperatingWorkFlow批量生成账号确定 (Test_Case.test_运营用户创建审批.Test_creatUser新建用户)
2021-09-27 18:09:45,623   18152     INFO test_运营用户创建审批.py(13) - 初始化CreatUser
2021-09-27 18:09:45,729   18152     INFO CreatUser.py(648) - 提交审核接口'http://sit-cdms.ynm3k.com//api/common/batchOperatingWorkFlow';请求参数为:{'applyIds': [1149175], 'workFlowCode': 'openClient', 'controlCode': 'GENERATEACCTNO', 'workFlowOperatingDTOList': [{'applyId': 1149175}]};响应结果为:'{"code":"0000","msg":"操作成功","data":[{"applyId":"1149175","applyNo":null,"result":true,"operatingMessage":null}]}'
2021-09-27 18:09:51,736   18152     INFO test_运营用户创建审批.py(115) - 接口请求完成后，等待系统处理数据，等待6秒
2021-09-27 18:09:51,736   18152     INFO result.py(156) - 测试执行通过： test_08_batchOperatingWorkFlow批量生成账号确定 (Test_Case.test_运营用户创建审批.Test_creatUser新建用户)
2021-09-27 18:09:51,736   18152     INFO result.py(90) - 测试结束： test_08_batchOperatingWorkFlow批量生成账号确定 (Test_Case.test_运营用户创建审批.Test_creatUser新建用户)
2021-09-27 18:09:51,742   18152     INFO result.py(91) - 耗时： 6.11329460144043
2021-09-27 18:09:51,742   18152     INFO result.py(69) - 开始测试： test_09_operatingWorkFlowThird提交锁 (Test_Case.test_运营用户创建审批.Test_creatUser新建用户)
2021-09-27 18:09:51,742   18152     INFO test_运营用户创建审批.py(13) - 初始化CreatUser
2021-09-27 18:09:51,742   18152     INFO CreatUser.py(665) - 提交审核获取到的手机号为：12682165817
2021-09-27 18:09:51,742   18152     INFO CreatUser.py(669) - 当前applyId为：1149175
2021-09-27 18:09:51,791   18152     INFO CreatUser.py(677) - 提交审核接口'http://sit-cdms.ynm3k.com//api/common/operatingWorkFlow',请求参数为：{'applyId': 1149175, 'workFlowCode': 'openClient', 'controlCode': 'LOCK'},的响应结果为:'{"code":"0000","msg":"操作成功","data":[{"applyId":"1149175","applyNo":null,"result":true,"operatingMessage":"操作成功"}]}'
2021-09-27 18:09:57,804   18152     INFO test_运营用户创建审批.py(115) - 接口请求完成后，等待系统处理数据，等待6秒
2021-09-27 18:09:57,804   18152     INFO result.py(156) - 测试执行通过： test_09_operatingWorkFlowThird提交锁 (Test_Case.test_运营用户创建审批.Test_creatUser新建用户)
2021-09-27 18:09:57,809   18152     INFO result.py(90) - 测试结束： test_09_operatingWorkFlowThird提交锁 (Test_Case.test_运营用户创建审批.Test_creatUser新建用户)
2021-09-27 18:09:57,809   18152     INFO result.py(91) - 耗时： 6.067275524139404
2021-09-27 18:09:57,815   18152     INFO result.py(69) - 开始测试： test_10_batchOperatingWorkFlowEnd批量确认 (Test_Case.test_运营用户创建审批.Test_creatUser新建用户)
2021-09-27 18:09:57,815   18152     INFO test_运营用户创建审批.py(13) - 初始化CreatUser
2021-09-27 18:09:57,815   18152     INFO CreatUser.py(694) - 提交审核获取到的手机号为：12682165817
2021-09-27 18:09:57,815   18152     INFO CreatUser.py(698) - 当前applyId为：1149175
2021-09-27 18:09:58,348   18152     INFO CreatUser.py(714) - 提交审核接口'http://sit-cdms.ynm3k.com//api/common/batchOperatingWorkFlow';请求参数为:{'applyIds': [1149175], 'workFlowCode': 'openClient', 'controlCode': 'PASS', 'workFlowOperatingDTOList': [{'applyId': 1149175}]};的响应结果为:'{"code":"0000","msg":"操作成功","data":[{"applyId":"1149175","applyNo":null,"result":true,"operatingMessage":null}]}'
2021-09-27 18:10:04,361   18152     INFO test_运营用户创建审批.py(115) - 接口请求完成后，等待系统处理数据，等待6秒
2021-09-27 18:10:04,361   18152     INFO result.py(156) - 测试执行通过： test_10_batchOperatingWorkFlowEnd批量确认 (Test_Case.test_运营用户创建审批.Test_creatUser新建用户)
2021-09-27 18:10:04,361   18152     INFO result.py(90) - 测试结束： test_10_batchOperatingWorkFlowEnd批量确认 (Test_Case.test_运营用户创建审批.Test_creatUser新建用户)
2021-09-27 18:10:04,367   18152     INFO result.py(91) - 耗时： 6.545551538467407
2021-09-27 18:10:04,373   18152     INFO result.py(69) - 开始测试： test_11_SQLCheckUser (Test_Case.test_运营用户创建审批.Test_creatUser新建用户)
2021-09-27 18:10:04,373   18152     INFO test_运营用户创建审批.py(13) - 初始化CreatUser
2021-09-27 18:10:04,390   18152     INFO test_运营用户创建审批.py(85) - 从文本中读到的用户基本信息为：['12682165817', 'j00qBRwW@gzz.com', 'Churchillp', 'Vvincent', '傅铃Y', '330101197301301035', 'mrs']
2021-09-27 18:10:14,701   18152     INFO CreatUser.py(726) - 通过'12682165817'查询cd_enty表的结果为((292628, None, 'PERSONAL', 'CHN', '330101197301301035', '2', datetime.date(2023, 8, 31), 'CHN', 'mrs', 'Churchillp', 'Vvincent', 'Vvincent12682165817', '傅铃Y接口自动化创建账号', '傅铃Y', 'F', 'j00qBRwW@gzz.com', None, 'CHN', '12682165817', None, '中英街12682165817号', 'zhon12682165817hao', '接口自动化', None, None, None, 'CHN', 'CHN', datetime.date(1994, 8, 9), 'CHN', 'Y', 'self', '', 'businessOwner', '11', '接口自动化12682165817', 'wholesale&retail', '', '4784551224512682165817', None, '0771-12682165817', None, None, None, None, 'N', None, None, datetime.datetime(2021, 9, 27, 18, 9, 58), 'cdmstest', datetime.datetime(2021, 9, 27, 18, 9, 58), '', 1),)
2021-09-27 18:10:14,701   18152     INFO test_运营用户创建审批.py(107) - 已执行用例11，数据库校验已完成
2021-09-27 18:10:20,720   18152     INFO test_运营用户创建审批.py(115) - 接口请求完成后，等待系统处理数据，等待6秒
2021-09-27 18:10:20,720   18152     INFO result.py(156) - 测试执行通过： test_11_SQLCheckUser (Test_Case.test_运营用户创建审批.Test_creatUser新建用户)
2021-09-27 18:10:20,720   18152     INFO result.py(90) - 测试结束： test_11_SQLCheckUser (Test_Case.test_运营用户创建审批.Test_creatUser新建用户)
2021-09-27 18:10:20,720   18152     INFO result.py(91) - 耗时： 16.347043752670288
2021-09-27 18:10:20,720   18152     INFO result.py(69) - 开始测试： test_01_createExchange创建换汇申请单 (Test_Case.test_创建换汇申请单.Test_CreateExchange新建换汇申请单)
2021-09-27 18:10:20,720   18152     INFO test_创建换汇申请单.py(13) - 初始化CreateExchange已完成
2021-09-27 18:10:26,727   18152     INFO test_创建换汇申请单.py(66) - 接口请求完成后，等待系统处理数据，等待6秒
2021-09-27 18:10:26,810   18152    ERROR result.py(175) - 测试产生错误： test_01_createExchange创建换汇申请单 (Test_Case.test_创建换汇申请单.Test_CreateExchange新建换汇申请单)
Traceback (most recent call last):
  File "F:\python\EDDID_CDMS\Test_Case\test_创建换汇申请单.py", line 16, in test_01_createExchange创建换汇申请单
    createExchange = self.CreateExchange.createExchange创建换汇申请单()
  File "F:\python\EDDID_CDMS\Business\Creat创建换汇申请单.py", line 22, in createExchange创建换汇申请单
    comp_account=cd_ac('NORMAL','CASH','EQUITIES',clientId)
TypeError: cd_ac() takes 1 positional argument but 4 were given

2021-09-27 18:10:26,810   18152     INFO result.py(90) - 测试结束： test_01_createExchange创建换汇申请单 (Test_Case.test_创建换汇申请单.Test_CreateExchange新建换汇申请单)
2021-09-27 18:10:26,816   18152     INFO result.py(91) - 耗时： 6.0894458293914795
2021-09-27 18:10:26,822   18152     INFO result.py(69) - 开始测试： test_02_auditExchange提交审核换汇申请单 (Test_Case.test_创建换汇申请单.Test_CreateExchange新建换汇申请单)
2021-09-27 18:10:26,822   18152     INFO test_创建换汇申请单.py(13) - 初始化CreateExchange已完成
2021-09-27 18:10:26,822   18152     INFO Creat创建换汇申请单.py(79) - 等待系统录入数据后再提交审批，等待时间15s
2021-09-27 18:10:47,905   18152     INFO test_创建换汇申请单.py(66) - 接口请求完成后，等待系统处理数据，等待6秒
2021-09-27 18:10:47,917   18152    ERROR result.py(175) - 测试产生错误： test_02_auditExchange提交审核换汇申请单 (Test_Case.test_创建换汇申请单.Test_CreateExchange新建换汇申请单)
Traceback (most recent call last):
  File "F:\python\EDDID_CDMS\Test_Case\test_创建换汇申请单.py", line 22, in test_02_auditExchange提交审核换汇申请单
    auditExchange = self.CreateExchange.auditExchange提交审核换汇申请单()
  File "F:\python\EDDID_CDMS\Business\Creat创建换汇申请单.py", line 82, in auditExchange提交审核换汇申请单
    applyid=cd_exch(clientId,applyAmount)[0][0]
IndexError: tuple index out of range

2021-09-27 18:10:47,917   18152     INFO result.py(90) - 测试结束： test_02_auditExchange提交审核换汇申请单 (Test_Case.test_创建换汇申请单.Test_CreateExchange新建换汇申请单)
2021-09-27 18:10:47,923   18152     INFO result.py(91) - 耗时： 21.095590591430664
2021-09-27 18:10:47,923   18152     INFO result.py(69) - 开始测试： test_03_SQLCheckexchorder (Test_Case.test_创建换汇申请单.Test_CreateExchange新建换汇申请单)
2021-09-27 18:10:47,923   18152     INFO test_创建换汇申请单.py(13) - 初始化CreateExchange已完成
2021-09-27 18:10:56,034   18152     INFO Creat创建换汇申请单.py(118) - 通过'11431'查询cd_exch表的结果为()
2021-09-27 18:10:56,063   18152     INFO test_创建换汇申请单.py(34) - 从文本中读到的换汇单基本信息为：['11431', '114311110', '51.71']
2021-09-27 18:11:02,105   18152     INFO test_创建换汇申请单.py(66) - 接口请求完成后，等待系统处理数据，等待6秒
2021-09-27 18:11:02,111   18152    ERROR result.py(175) - 测试产生错误： test_03_SQLCheckexchorder (Test_Case.test_创建换汇申请单.Test_CreateExchange新建换汇申请单)
Traceback (most recent call last):
  File "F:\python\EDDID_CDMS\Test_Case\test_创建换汇申请单.py", line 37, in test_03_SQLCheckexchorder
    self.assertEqual("USD", SQLCheckexchorderinfor[0][6])
IndexError: tuple index out of range

2021-09-27 18:11:02,111   18152     INFO result.py(90) - 测试结束： test_03_SQLCheckexchorder (Test_Case.test_创建换汇申请单.Test_CreateExchange新建换汇申请单)
2021-09-27 18:11:02,117   18152     INFO result.py(91) - 耗时： 14.1876699924469
2021-09-27 18:11:02,117   18152     INFO result.py(69) - 开始测试： test_01_applyClient用户资料提交用例校验 (Test_Case.test_运营用户创建结构性产品账户及审批.Test_creatUser没有结构性产品账号及申请结构性产品审批)
2021-09-27 18:11:02,117   18152     INFO test_运营用户创建结构性产品账户及审批.py(13) - 初始化CreatUser
2021-09-27 18:11:02,135   18152     INFO Creat没有结构性产品账号及申请结构性产品审批.py(54) - 记录数据的文件名为：userdatainf.txt，写入数据为:['12220318012', 'u9mzYX9mx@126.com', 'WellH', 'Eonald', '刘渊D', '310101199510161564', 'miss']
2021-09-27 18:11:02,193   18152     INFO Creat没有结构性产品账号及申请结构性产品审批.py(69) - 当前token为:9F2BF5D1DBB334F4F08A3C96F36586597AC79FFD18F78973
2021-09-27 18:11:02,199   18152     INFO Creat没有结构性产品账号及申请结构性产品审批.py(74) - 提交申请单时注册用户手机号码为：12220318012
2021-09-27 18:11:02,405   18152     INFO Creat没有结构性产品账号及申请结构性产品审批.py(240) - 步骤1接口'http://sit-cdms.ynm3k.com//api/client/applyClient';请求参数为:{'infos': [{'title': 'miss', 'informationType': 1, 'firstName': 'WellH', 'lastName': 'Eonald', 'chName': '刘渊D', 'usedCnName': 'Eonald12220318012', 'usedChName': '刘渊D接口自动化创建账号', 'email': 'u9mzYX9mx@126.com', 'phoneAreaCode': 'CHN', 'phoneNo': '12220318012', 'houseAddress': '中英街12220318012号', 'houseAddressPinYin': 'zhon12220318012hao', 'postAddress': '接口自动化', 'natnlty': 'TWN', 'idCardType': '1', 'idCardNo': '310101199510161564', 'otherCardType': '', 'otherCardNo': '', 'countryIssue': 'CHN', 'overCountry': 'CHN', 'birthday': '1993-11-01', 'idExpiresDate': '2025-09-30', 'birthdayPlace': 'CHN', 'employmentStatus': 'employed', 'post': 'director&president', 'workingYear': '11', 'companyName': '大苏打', 'businessNature': 'wholesale&retail', 'officeAddress': '大苏打大苏打', 'officePhone': '0258545478', 'registeredCompany': '', 'employmentRemark': '', 'totalIncomeYear': 'gt1000000', 'sourceOfIncome': ['selfOperatedBusinessIncome'], 'sourceOfIncomeRemake': '', 'totalCapital': 'gt8000000', 'sourceOfCapital': ['vehicleInvestment', 'salary'], 'sourceOfCapitalRemark': '', 'sourceOfMoney': ['savings'], 'sourceOfMoneyRemark': '', 'securitiesExperience': 'gt10Years', 'cbbcExperience': 'gt10Years', 'warrantExperience': 'gt10Years', 'futuresExperience': 'gt10Years', 'optionsExperience': 'gt10Years', 'foreignExchangExperience': 'gt10Years', 'metalExperience': 'gt10Years', 'autoTransationExperience': 'gt10Years', 'otherInvest': '', 'otherExperience': '', 'withDerivativesKnowledge': 'Y', 'withDerivativesWoking': 'Y', 'withDerivativesDeal': 'N', 'applicationOpenDerivatives': 'N', 'understandTheRisks': '', 'haveDeclaredBankruptcy': 'N', 'declaredBankruptcyDate': '', 'isInternalStaff': 'N', 'staffNameRelationship': '', 'relationshipWithInternalEmployees': 'N', 'employeesName': '', 'isRegisteredPerson': 'N', 'registeredPersonRemark': '', 'isUsPerson': 'N', 'taxNumber': '', 'isUsTaxPerson': 'N', 'taxNumberTwo': '', 'isPepPerson': 'N', 'pepPersonName': '', 'investmentObjective': ['speculation'], 'riskTolerance': 'high', 'throughChannels': ['advertising', 'lecture'], 'throughChannelRemark': '', 'isFinalBeneficiary': 'Y', 'finalBeneficiaryName': '', 'isFinalPrincipal': 'Y', 'finalPrincipalName': '', 'businessNatureRemark': ''}], 'marginAcctS': [], 'taxs': [], 'attachs': {'passportMaterial': ['/dinggg_20210908162346.jpg'], 'addressVerificationMaterials': ['/dinggg_20210908162349.jpg'], 'bankCardMaterials': ['/hzlc_20210908162353.jpg'], 'writtenApplicationMaterials': ['/APP_20200811142432_20210908162403.pdf'], 'proofOfIncome': ['/dinggg_20210908162404.jpg'], 'otherInformation': ['/hzlc_20210908162407.jpg'], 'bankruptcyProve': [], 'acquaintHighLevelInstructionsProve': [], 'tradingAuthorization': []}, 'settleAcctS': [], 'clientType': 'PERSONAL', 'openWay': 'visitingAccount', 'bankName': '', 'bankCardNo': '', 'elecNo': '', 'responsible': 'ryan.chan', 'emailLanguage': 'zh-hant', 'accts': ['securitiesCash'], 'promotionNumber': 'EDAA520', 'agreeToTheTerms': 'true', 'personalInfoDeclartion': 'true'};响应结果为：'{"code":"0000","msg":"操作成功","data":null}'
2021-09-27 18:11:08,421   18152     INFO test_运营用户创建结构性产品账户及审批.py(157) - 接口请求完成后，等待系统处理数据，等待6秒
2021-09-27 18:11:08,421   18152     INFO result.py(156) - 测试执行通过： test_01_applyClient用户资料提交用例校验 (Test_Case.test_运营用户创建结构性产品账户及审批.Test_creatUser没有结构性产品账号及申请结构性产品审批)
2021-09-27 18:11:08,427   18152     INFO result.py(90) - 测试结束： test_01_applyClient用户资料提交用例校验 (Test_Case.test_运营用户创建结构性产品账户及审批.Test_creatUser没有结构性产品账号及申请结构性产品审批)
2021-09-27 18:11:08,427   18152     INFO result.py(91) - 耗时： 6.310564041137695
2021-09-27 18:11:08,433   18152     INFO result.py(69) - 开始测试： test_02_submitAudit提交审核 (Test_Case.test_运营用户创建结构性产品账户及审批.Test_creatUser没有结构性产品账号及申请结构性产品审批)
2021-09-27 18:11:08,433   18152     INFO test_运营用户创建结构性产品账户及审批.py(13) - 初始化CreatUser
2021-09-27 18:11:08,433   18152     INFO Creat没有结构性产品账号及申请结构性产品审批.py(248) - 等待系统录入数据后再修改WorldCheck的状态，等待时间20s
2021-09-27 18:11:28,977   18152     INFO Creat没有结构性产品账号及申请结构性产品审批.py(252) - *******************************************已完成修改WorldCheck的状态为FALSE*******************************************
2021-09-27 18:11:43,984   18152     INFO Creat没有结构性产品账号及申请结构性产品审批.py(261) - 当前token为:9F2BF5D1DBB334F4F08A3C96F36586597AC79FFD18F78973
2021-09-27 18:11:43,990   18152     INFO Creat没有结构性产品账号及申请结构性产品审批.py(267) - 提交审核获取到的手机号为：12220318012
2021-09-27 18:11:44,184   18152     INFO Creat没有结构性产品账号及申请结构性产品审批.py(278) - 步骤2提交审核接口'http://sit-cdms.ynm3k.com//api/client/submitAudit';请求参数为:{'applyId': 1149176, 'clientSource': 'CDMS', 'workFlowCode': 'openClient'};响应结果为:'{"code":"0000","msg":"操作成功","data":null}'
2021-09-27 18:11:50,191   18152     INFO test_运营用户创建结构性产品账户及审批.py(157) - 接口请求完成后，等待系统处理数据，等待6秒
2021-09-27 18:11:50,191   18152     INFO result.py(156) - 测试执行通过： test_02_submitAudit提交审核 (Test_Case.test_运营用户创建结构性产品账户及审批.Test_creatUser没有结构性产品账号及申请结构性产品审批)
2021-09-27 18:11:50,191   18152     INFO result.py(90) - 测试结束： test_02_submitAudit提交审核 (Test_Case.test_运营用户创建结构性产品账户及审批.Test_creatUser没有结构性产品账号及申请结构性产品审批)
2021-09-27 18:11:50,196   18152     INFO result.py(91) - 耗时： 41.75757431983948
2021-09-27 18:11:50,202   18152     INFO result.py(69) - 开始测试： test_03_operatingWorkFlowFirst提交锁 (Test_Case.test_运营用户创建结构性产品账户及审批.Test_creatUser没有结构性产品账号及申请结构性产品审批)
2021-09-27 18:11:50,202   18152     INFO test_运营用户创建结构性产品账户及审批.py(13) - 初始化CreatUser
2021-09-27 18:11:50,202   18152     INFO Creat没有结构性产品账号及申请结构性产品审批.py(289) - 当前token为:9F2BF5D1DBB334F4F08A3C96F36586597AC79FFD18F78973
2021-09-27 18:11:50,202   18152     INFO Creat没有结构性产品账号及申请结构性产品审批.py(297) - 提交审核获取到的手机号为：12220318012
2021-09-27 18:11:50,251   18152     INFO Creat没有结构性产品账号及申请结构性产品审批.py(309) - 步骤3提交审核接口'http://sit-cdms.ynm3k.com//api/common/operatingWorkFlow';请求参数为:{'applyId': 1149176, 'workFlowCode': 'openClient', 'controlCode': 'LOCK'};响应结果为:'{"code":"0000","msg":"操作成功","data":[{"applyId":"1149176","applyNo":null,"result":true,"operatingMessage":"操作成功"}]}'
2021-09-27 18:11:56,258   18152     INFO test_运营用户创建结构性产品账户及审批.py(157) - 接口请求完成后，等待系统处理数据，等待6秒
2021-09-27 18:11:56,258   18152     INFO result.py(156) - 测试执行通过： test_03_operatingWorkFlowFirst提交锁 (Test_Case.test_运营用户创建结构性产品账户及审批.Test_creatUser没有结构性产品账号及申请结构性产品审批)
2021-09-27 18:11:56,263   18152     INFO result.py(90) - 测试结束： test_03_operatingWorkFlowFirst提交锁 (Test_Case.test_运营用户创建结构性产品账户及审批.Test_creatUser没有结构性产品账号及申请结构性产品审批)
2021-09-27 18:11:56,263   18152     INFO result.py(91) - 耗时： 6.061187267303467
2021-09-27 18:11:56,263   18152     INFO result.py(69) - 开始测试： test_04_saveRiskAssessment风控评估提交 (Test_Case.test_运营用户创建结构性产品账户及审批.Test_creatUser没有结构性产品账号及申请结构性产品审批)
2021-09-27 18:11:56,263   18152     INFO test_运营用户创建结构性产品账户及审批.py(13) - 初始化CreatUser
2021-09-27 18:11:56,263   18152     INFO Creat没有结构性产品账号及申请结构性产品审批.py(328) - 当前applyId为：1149176
2021-09-27 18:11:56,312   18152     INFO Creat没有结构性产品账号及申请结构性产品审批.py(352) - 步骤4提交审核接口'http://sit-cdms.ynm3k.com//api/client/saveRiskAssessment';请求参数为:{'applyId': 1149176, 'riskAssessmentInfoDTO': {'isAmlOrCft': 'true', 'isPeb': None, 'isPolice': None, 'isIcac': None, 'isHighRiskBusiness': None, 'isJfiu': None, 'isCorruption': None, 'isOtherInformation': None, 'nonFaceToFace': None, 'isUnemployed': None, 'isNonFatf': None, 'isNonFinancial': None, 'isTemporaryAddr': None, 'residence': '新西兰', 'otherInformation': '', 'riskAssessmentLevel': 'TERMINATE'}};响应结果为:'{"code":"0000","msg":"操作成功","data":null}'
2021-09-27 18:12:02,324   18152     INFO test_运营用户创建结构性产品账户及审批.py(157) - 接口请求完成后，等待系统处理数据，等待6秒
2021-09-27 18:12:02,324   18152     INFO result.py(156) - 测试执行通过： test_04_saveRiskAssessment风控评估提交 (Test_Case.test_运营用户创建结构性产品账户及审批.Test_creatUser没有结构性产品账号及申请结构性产品审批)
2021-09-27 18:12:02,330   18152     INFO result.py(90) - 测试结束： test_04_saveRiskAssessment风控评估提交 (Test_Case.test_运营用户创建结构性产品账户及审批.Test_creatUser没有结构性产品账号及申请结构性产品审批)
2021-09-27 18:12:02,330   18152     INFO result.py(91) - 耗时： 6.066711664199829
2021-09-27 18:12:02,330   18152     INFO result.py(69) - 开始测试： test_05_operatingWorkFlow内部人员审核 (Test_Case.test_运营用户创建结构性产品账户及审批.Test_creatUser没有结构性产品账号及申请结构性产品审批)
2021-09-27 18:12:02,330   18152     INFO test_运营用户创建结构性产品账户及审批.py(13) - 初始化CreatUser
2021-09-27 18:12:02,330   18152     INFO Creat没有结构性产品账号及申请结构性产品审批.py(364) - 当前token为:9F2BF5D1DBB334F4F08A3C96F36586597AC79FFD18F78973
2021-09-27 18:12:02,491   18152     INFO Creat没有结构性产品账号及申请结构性产品审批.py(463) - 步骤5提交审核接口'http://sit-cdms.ynm3k.com//api/common/operatingWorkFlow';请求参数为:{'applyId': 1149176, 'checkItemList': [{'itemId': '1', 'itemCde': 'Application Form', 'itemDesc': 'Application Form', 'cscheckFlag': 'true', 'rocheckFlag': 'false', 'opscheckFlag': 'false'}, {'itemId': '2', 'itemCde': 'Fee schedule', 'itemDesc': 'Fee schedule', 'cscheckFlag': 'true', 'rocheckFlag': 'false', 'opscheckFlag': 'false'}, {'itemId': '3', 'itemCde': 'ID card Copy', 'itemDesc': 'ID card Copy', 'cscheckFlag': 'true', 'rocheckFlag': 'false', 'opscheckFlag': 'false'}, {'itemId': '4', 'itemCde': 'SFC search', 'itemDesc': 'SFC search', 'cscheckFlag': 'true', 'rocheckFlag': 'false', 'opscheckFlag': 'false'}, {'itemId': '5', 'itemCde': 'Worldcheck', 'itemDesc': 'Worldcheck', 'cscheckFlag': 'false', 'rocheckFlag': 'false', 'opscheckFlag': 'false'}, {'itemId': '6', 'itemCde': 'Address Proof (if any)', 'itemDesc': 'Address Proof (if any)', 'cscheckFlag': 'false', 'rocheckFlag': 'false', 'opscheckFlag': 'false'}, {'itemId': '7', 'itemCde': 'Bank proof (if any)', 'itemDesc': 'Bank proof (if any)', 'cscheckFlag': 'false', 'rocheckFlag': 'false', 'opscheckFlag': 'false'}, {'itemId': '8', 'itemCde': 'Source of Fund (if any)', 'itemDesc': 'Source of Fund (if any)', 'cscheckFlag': 'false', 'rocheckFlag': 'false', 'opscheckFlag': 'false'}, {'itemId': '9', 'itemCde': 'Source of Wealth (if any)', 'itemDesc': 'Source of Wealth (if any)', 'cscheckFlag': 'false', 'rocheckFlag': 'false', 'opscheckFlag': 'false'}, {'itemId': '10', 'itemCde': 'Other', 'itemDesc': 'Other', 'cscheckFlag': 'false', 'rocheckFlag': 'false', 'opscheckFlag': 'false'}], 'workFlowCode': 'openClient', 'controlCode': 'PASS', 'isStaff': 'false', 'lockBy': 'ED_RO', 'licensedPersonSign': ''};响应结果为:'{"code":"0000","msg":"操作成功","data":[{"applyId":"1149176","applyNo":null,"result":true,"operatingMessage":""}]}'
2021-09-27 18:12:08,503   18152     INFO test_运营用户创建结构性产品账户及审批.py(157) - 接口请求完成后，等待系统处理数据，等待6秒
2021-09-27 18:12:08,503   18152     INFO result.py(156) - 测试执行通过： test_05_operatingWorkFlow内部人员审核 (Test_Case.test_运营用户创建结构性产品账户及审批.Test_creatUser没有结构性产品账号及申请结构性产品审批)
2021-09-27 18:12:08,509   18152     INFO result.py(90) - 测试结束： test_05_operatingWorkFlow内部人员审核 (Test_Case.test_运营用户创建结构性产品账户及审批.Test_creatUser没有结构性产品账号及申请结构性产品审批)
2021-09-27 18:12:08,509   18152     INFO result.py(91) - 耗时： 6.178984642028809
2021-09-27 18:12:08,515   18152     INFO result.py(69) - 开始测试： test_06_operatingWorkFlowNo不用锁定审核通过 (Test_Case.test_运营用户创建结构性产品账户及审批.Test_creatUser没有结构性产品账号及申请结构性产品审批)
2021-09-27 18:12:08,515   18152     INFO test_运营用户创建结构性产品账户及审批.py(13) - 初始化CreatUser
2021-09-27 18:12:08,515   18152     INFO Creat没有结构性产品账号及申请结构性产品审批.py(475) - 当前token为:9F2BF5D1DBB334F4F08A3C96F36586597AC79FFD18F78973
2021-09-27 18:12:08,515   18152     INFO Creat没有结构性产品账号及申请结构性产品审批.py(481) - 提交审核获取到的手机号为：12220318012
2021-09-27 18:12:08,515   18152     INFO Creat没有结构性产品账号及申请结构性产品审批.py(485) - 当前applyId为：1149176
2021-09-27 18:12:08,685   18152     INFO Creat没有结构性产品账号及申请结构性产品审批.py(575) - 步骤6提交审核接口'http://sit-cdms.ynm3k.com//api/common/operatingWorkFlow';请求参数为:{'applyId': 1149176, 'checkItemList': [{'itemId': '1', 'itemCde': 'Application Form', 'itemDesc': 'Application Form', 'cscheckFlag': 'true', 'rocheckFlag': 'true', 'opscheckFlag': 'false'}, {'itemId': '2', 'itemCde': 'Fee schedule', 'itemDesc': 'Fee schedule', 'cscheckFlag': 'true', 'rocheckFlag': 'true', 'opscheckFlag': 'false'}, {'itemId': '3', 'itemCde': 'ID card Copy', 'itemDesc': 'ID card Copy', 'cscheckFlag': 'true', 'rocheckFlag': 'true', 'opscheckFlag': 'false'}, {'itemId': '4', 'itemCde': 'SFC search', 'itemDesc': 'SFC search', 'cscheckFlag': 'true', 'rocheckFlag': 'true', 'opscheckFlag': 'false'}, {'itemId': '5', 'itemCde': 'Worldcheck', 'itemDesc': 'Worldcheck', 'cscheckFlag': 'false', 'rocheckFlag': 'false', 'opscheckFlag': 'false'}, {'itemId': '6', 'itemCde': 'Address Proof (if any)', 'itemDesc': 'Address Proof (if any)', 'cscheckFlag': 'false', 'rocheckFlag': 'false', 'opscheckFlag': 'false'}, {'itemId': '7', 'itemCde': 'Bank proof (if any)', 'itemDesc': 'Bank proof (if any)', 'cscheckFlag': 'false', 'rocheckFlag': 'false', 'opscheckFlag': 'false'}, {'itemId': '8', 'itemCde': 'Source of Fund (if any)', 'itemDesc': 'Source of Fund (if any)', 'cscheckFlag': 'false', 'rocheckFlag': 'false', 'opscheckFlag': 'false'}, {'itemId': '9', 'itemCde': 'Source of Wealth (if any)', 'itemDesc': 'Source of Wealth (if any)', 'cscheckFlag': 'false', 'rocheckFlag': 'false', 'opscheckFlag': 'false'}, {'itemId': '10', 'itemCde': 'Other', 'itemDesc': 'Other', 'cscheckFlag': 'false', 'rocheckFlag': 'false', 'opscheckFlag': 'false'}], 'workFlowCode': 'openClient', 'controlCode': 'PASS'};响应结果为:'{"code":"0000","msg":"操作成功","data":[{"applyId":"1149176","applyNo":null,"result":true,"operatingMessage":""}]}'
2021-09-27 18:12:14,696   18152     INFO test_运营用户创建结构性产品账户及审批.py(157) - 接口请求完成后，等待系统处理数据，等待6秒
2021-09-27 18:12:14,702   18152     INFO result.py(156) - 测试执行通过： test_06_operatingWorkFlowNo不用锁定审核通过 (Test_Case.test_运营用户创建结构性产品账户及审批.Test_creatUser没有结构性产品账号及申请结构性产品审批)
2021-09-27 18:12:14,702   18152     INFO result.py(90) - 测试结束： test_06_operatingWorkFlowNo不用锁定审核通过 (Test_Case.test_运营用户创建结构性产品账户及审批.Test_creatUser没有结构性产品账号及申请结构性产品审批)
2021-09-27 18:12:14,702   18152     INFO result.py(91) - 耗时： 6.1869683265686035
2021-09-27 18:12:14,707   18152     INFO result.py(69) - 开始测试： test_07_operatingWorkFlowAgaint提交锁 (Test_Case.test_运营用户创建结构性产品账户及审批.Test_creatUser没有结构性产品账号及申请结构性产品审批)
2021-09-27 18:12:14,707   18152     INFO test_运营用户创建结构性产品账户及审批.py(13) - 初始化CreatUser
2021-09-27 18:12:14,707   18152     INFO Creat没有结构性产品账号及申请结构性产品审批.py(593) - 提交审核获取到的手机号为：12220318012
2021-09-27 18:12:14,761   18152     INFO Creat没有结构性产品账号及申请结构性产品审批.py(605) - 提交审核接口'http://sit-cdms.ynm3k.com//api/common/operatingWorkFlow';请求参数为:{'applyId': 1149176, 'workFlowCode': 'openClient', 'controlCode': 'LOCK'};响应结果为:'{"code":"0000","msg":"操作成功","data":[{"applyId":"1149176","applyNo":null,"result":true,"operatingMessage":"操作成功"}]}'
2021-09-27 18:12:20,768   18152     INFO test_运营用户创建结构性产品账户及审批.py(157) - 接口请求完成后，等待系统处理数据，等待6秒
2021-09-27 18:12:20,768   18152     INFO result.py(156) - 测试执行通过： test_07_operatingWorkFlowAgaint提交锁 (Test_Case.test_运营用户创建结构性产品账户及审批.Test_creatUser没有结构性产品账号及申请结构性产品审批)
2021-09-27 18:12:20,768   18152     INFO result.py(90) - 测试结束： test_07_operatingWorkFlowAgaint提交锁 (Test_Case.test_运营用户创建结构性产品账户及审批.Test_creatUser没有结构性产品账号及申请结构性产品审批)
2021-09-27 18:12:20,768   18152     INFO result.py(91) - 耗时： 6.06031060218811
2021-09-27 18:12:20,768   18152     INFO result.py(69) - 开始测试： test_08_batchOperatingWorkFlow批量生成账号确定 (Test_Case.test_运营用户创建结构性产品账户及审批.Test_creatUser没有结构性产品账号及申请结构性产品审批)
2021-09-27 18:12:20,769   18152     INFO test_运营用户创建结构性产品账户及审批.py(13) - 初始化CreatUser
2021-09-27 18:12:20,874   18152     INFO Creat没有结构性产品账号及申请结构性产品审批.py(640) - 提交审核接口'http://sit-cdms.ynm3k.com//api/common/batchOperatingWorkFlow';请求参数为:{'applyIds': [1149176], 'workFlowCode': 'openClient', 'controlCode': 'GENERATEACCTNO', 'workFlowOperatingDTOList': [{'applyId': 1149176}]};响应结果为:'{"code":"0000","msg":"操作成功","data":[{"applyId":"1149176","applyNo":null,"result":true,"operatingMessage":null}]}'
2021-09-27 18:12:26,886   18152     INFO test_运营用户创建结构性产品账户及审批.py(157) - 接口请求完成后，等待系统处理数据，等待6秒
2021-09-27 18:12:26,886   18152     INFO result.py(156) - 测试执行通过： test_08_batchOperatingWorkFlow批量生成账号确定 (Test_Case.test_运营用户创建结构性产品账户及审批.Test_creatUser没有结构性产品账号及申请结构性产品审批)
2021-09-27 18:12:26,886   18152     INFO result.py(90) - 测试结束： test_08_batchOperatingWorkFlow批量生成账号确定 (Test_Case.test_运营用户创建结构性产品账户及审批.Test_creatUser没有结构性产品账号及申请结构性产品审批)
2021-09-27 18:12:26,892   18152     INFO result.py(91) - 耗时： 6.117482423782349
2021-09-27 18:12:26,892   18152     INFO result.py(69) - 开始测试： test_09_operatingWorkFlowThird提交锁 (Test_Case.test_运营用户创建结构性产品账户及审批.Test_creatUser没有结构性产品账号及申请结构性产品审批)
2021-09-27 18:12:26,892   18152     INFO test_运营用户创建结构性产品账户及审批.py(13) - 初始化CreatUser
2021-09-27 18:12:26,892   18152     INFO Creat没有结构性产品账号及申请结构性产品审批.py(657) - 提交审核获取到的手机号为：12220318012
2021-09-27 18:12:26,892   18152     INFO Creat没有结构性产品账号及申请结构性产品审批.py(660) - 当前applyId为：1149176
2021-09-27 18:12:26,941   18152     INFO Creat没有结构性产品账号及申请结构性产品审批.py(668) - 提交审核接口'http://sit-cdms.ynm3k.com//api/common/operatingWorkFlow',请求参数为：{'applyId': 1149176, 'workFlowCode': 'openClient', 'controlCode': 'LOCK'},的响应结果为:'{"code":"0000","msg":"操作成功","data":[{"applyId":"1149176","applyNo":null,"result":true,"operatingMessage":"操作成功"}]}'
2021-09-27 18:12:32,948   18152     INFO test_运营用户创建结构性产品账户及审批.py(157) - 接口请求完成后，等待系统处理数据，等待6秒
2021-09-27 18:12:32,948   18152     INFO result.py(156) - 测试执行通过： test_09_operatingWorkFlowThird提交锁 (Test_Case.test_运营用户创建结构性产品账户及审批.Test_creatUser没有结构性产品账号及申请结构性产品审批)
2021-09-27 18:12:32,954   18152     INFO result.py(90) - 测试结束： test_09_operatingWorkFlowThird提交锁 (Test_Case.test_运营用户创建结构性产品账户及审批.Test_creatUser没有结构性产品账号及申请结构性产品审批)
2021-09-27 18:12:32,954   18152     INFO result.py(91) - 耗时： 6.0618438720703125
2021-09-27 18:12:32,954   18152     INFO result.py(69) - 开始测试： test_10_batchOperatingWorkFlowEnd批量确认 (Test_Case.test_运营用户创建结构性产品账户及审批.Test_creatUser没有结构性产品账号及申请结构性产品审批)
2021-09-27 18:12:32,954   18152     INFO test_运营用户创建结构性产品账户及审批.py(13) - 初始化CreatUser
2021-09-27 18:12:32,954   18152     INFO Creat没有结构性产品账号及申请结构性产品审批.py(685) - 提交审核获取到的手机号为：12220318012
2021-09-27 18:12:32,954   18152     INFO Creat没有结构性产品账号及申请结构性产品审批.py(689) - 当前applyId为：1149176
2021-09-27 18:12:33,486   18152     INFO Creat没有结构性产品账号及申请结构性产品审批.py(705) - 提交审核接口'http://sit-cdms.ynm3k.com//api/common/batchOperatingWorkFlow';请求参数为:{'applyIds': [1149176], 'workFlowCode': 'openClient', 'controlCode': 'PASS', 'workFlowOperatingDTOList': [{'applyId': 1149176}]};的响应结果为:'{"code":"0000","msg":"操作成功","data":[{"applyId":"1149176","applyNo":null,"result":true,"operatingMessage":null}]}'
2021-09-27 18:12:39,498   18152     INFO test_运营用户创建结构性产品账户及审批.py(157) - 接口请求完成后，等待系统处理数据，等待6秒
2021-09-27 18:12:39,498   18152     INFO result.py(156) - 测试执行通过： test_10_batchOperatingWorkFlowEnd批量确认 (Test_Case.test_运营用户创建结构性产品账户及审批.Test_creatUser没有结构性产品账号及申请结构性产品审批)
2021-09-27 18:12:39,498   18152     INFO result.py(90) - 测试结束： test_10_batchOperatingWorkFlowEnd批量确认 (Test_Case.test_运营用户创建结构性产品账户及审批.Test_creatUser没有结构性产品账号及申请结构性产品审批)
2021-09-27 18:12:39,504   18152     INFO result.py(91) - 耗时： 6.543878793716431
2021-09-27 18:12:39,504   18152     INFO result.py(69) - 开始测试： test_11_SQLCheckUser (Test_Case.test_运营用户创建结构性产品账户及审批.Test_creatUser没有结构性产品账号及申请结构性产品审批)
2021-09-27 18:12:39,504   18152     INFO test_运营用户创建结构性产品账户及审批.py(13) - 初始化CreatUser
2021-09-27 18:12:39,504   18152     INFO test_运营用户创建结构性产品账户及审批.py(86) - 从文本中读到的用户基本信息为：['12220318012', 'u9mzYX9mx@126.com', 'WellH', 'Eonald', '刘渊D', '310101199510161564', 'miss']
2021-09-27 18:12:49,845   18152     INFO Creat没有结构性产品账号及申请结构性产品审批.py(717) - 通过'12220318012'查询cd_enty表的结果为((292629, None, 'PERSONAL', 'TWN', '310101199510161564', '1', datetime.date(2025, 9, 30), 'CHN', 'miss', 'WellH', 'Eonald', 'Eonald12220318012', '刘渊D接口自动化创建账号', '刘渊D', 'F', 'u9mzYX9mx@126.com', None, 'CHN', '12220318012', None, '中英街12220318012号', 'zhon12220318012hao', '接口自动化', None, None, None, 'TWN', 'CHN', datetime.date(1993, 11, 1), 'CHN', '', 'employed', '', 'director&president', '11', '大苏打', 'wholesale&retail', '', '大苏打大苏打', None, '0258545478', None, None, None, None, 'N', None, None, datetime.datetime(2021, 9, 27, 18, 12, 33), 'cdmstest', datetime.datetime(2021, 9, 27, 18, 12, 33), '', 1),)
2021-09-27 18:12:49,845   18152     INFO test_运营用户创建结构性产品账户及审批.py(106) - 已执行用例11，数据库校验已完成
2021-09-27 18:12:55,852   18152     INFO test_运营用户创建结构性产品账户及审批.py(157) - 接口请求完成后，等待系统处理数据，等待6秒
2021-09-27 18:12:55,852   18152     INFO result.py(156) - 测试执行通过： test_11_SQLCheckUser (Test_Case.test_运营用户创建结构性产品账户及审批.Test_creatUser没有结构性产品账号及申请结构性产品审批)
2021-09-27 18:12:55,852   18152     INFO result.py(90) - 测试结束： test_11_SQLCheckUser (Test_Case.test_运营用户创建结构性产品账户及审批.Test_creatUser没有结构性产品账号及申请结构性产品审批)
2021-09-27 18:12:55,858   18152     INFO result.py(91) - 耗时： 16.34853458404541
2021-09-27 18:12:55,858   18152     INFO result.py(69) - 开始测试： test_12_addAccountStructure增加结构性产品 (Test_Case.test_运营用户创建结构性产品账户及审批.Test_creatUser没有结构性产品账号及申请结构性产品审批)
2021-09-27 18:12:55,858   18152     INFO test_运营用户创建结构性产品账户及审批.py(13) - 初始化CreatUser
2021-09-27 18:12:55,858   18152     INFO Creat没有结构性产品账号及申请结构性产品审批.py(732) - 提交审核获取到的手机号为：12220318012
2021-09-27 18:12:56,721   18152     INFO Creat没有结构性产品账号及申请结构性产品审批.py(744) - 获取到结构性产品的客户编号clnt_id为：12049，交易账户accountId为：120491110，eddidId为：9c6c738d-d505-4ce4-b2c0-fdbaf17f4d61
2021-09-27 18:12:56,879   18152     INFO Creat没有结构性产品账号及申请结构性产品审批.py(781) - 提交审核接口'http://sit-cdms.ynm3k.com//api/cdms/struc/addAccountStructure';请求参数为:{'accountId': '120491110', 'firstName': None, 'lastName': None, 'chineseName': '刘渊D', 'eddidId': '9c6c738d-d505-4ce4-b2c0-fdbaf17f4d61', 'accountCash': '120491110', 'accountMargin': None, 'idUrlList': ['/dinggg_20210908162346.jpg'], 'isOpenFuturesAcc': 'false', 'cbbcExperience': 'gt10Years', 'warrantExperience': 'gt10Years', 'futuresExperience': 'gt10Years', 'optionsExperience': 'gt10Years', 'securitiesExperience': 'gt10Years', 'otherInvest': '', 'otherExperience': '', 'isDerivativesKnowledge': 'Y', 'isDerivativesWork': 'Y', 'isDerivativesDeal': 'N', 'exchInvestTargetList': ['speculation'], 'exchRiskAppetite': 'high', 'clientId': '12049', 'isStruc': 'Y', 'isOpenClnt': 'Y', 'applySource': '4'};的响应结果为:'{"code":"0000","msg":"操作成功","data":null}'
2021-09-27 18:13:02,886   18152     INFO test_运营用户创建结构性产品账户及审批.py(157) - 接口请求完成后，等待系统处理数据，等待6秒
2021-09-27 18:13:02,886   18152     INFO result.py(156) - 测试执行通过： test_12_addAccountStructure增加结构性产品 (Test_Case.test_运营用户创建结构性产品账户及审批.Test_creatUser没有结构性产品账号及申请结构性产品审批)
2021-09-27 18:13:02,886   18152     INFO result.py(90) - 测试结束： test_12_addAccountStructure增加结构性产品 (Test_Case.test_运营用户创建结构性产品账户及审批.Test_creatUser没有结构性产品账号及申请结构性产品审批)
2021-09-27 18:13:02,886   18152     INFO result.py(91) - 耗时： 7.027786731719971
2021-09-27 18:13:02,886   18152     INFO result.py(69) - 开始测试： test_13_addAccountStructure结构性产品申请第一次审批 (Test_Case.test_运营用户创建结构性产品账户及审批.Test_creatUser没有结构性产品账号及申请结构性产品审批)
2021-09-27 18:13:02,886   18152     INFO test_运营用户创建结构性产品账户及审批.py(13) - 初始化CreatUser
2021-09-27 18:13:02,887   18152     INFO Creat没有结构性产品账号及申请结构性产品审批.py(800) - 提交审核获取到的手机号为：12220318012
2021-09-27 18:13:02,994   18152     INFO Creat没有结构性产品账号及申请结构性产品审批.py(806) - 获取到结构性产品的申请单编号为：291
2021-09-27 18:13:03,075   18152     INFO Creat没有结构性产品账号及申请结构性产品审批.py(817) - 提交审核接口'http://sit-cdms.ynm3k.com//api/cdms/struc/auditAccountStructure';请求参数为:{'id': 291, 'approvalResult': 'PASS', 'attachUrlList': []};的响应结果为:'{"code":"0000","msg":"操作成功","data":null}'
2021-09-27 18:13:09,082   18152     INFO test_运营用户创建结构性产品账户及审批.py(157) - 接口请求完成后，等待系统处理数据，等待6秒
2021-09-27 18:13:09,082   18152     INFO result.py(156) - 测试执行通过： test_13_addAccountStructure结构性产品申请第一次审批 (Test_Case.test_运营用户创建结构性产品账户及审批.Test_creatUser没有结构性产品账号及申请结构性产品审批)
2021-09-27 18:13:09,082   18152     INFO result.py(90) - 测试结束： test_13_addAccountStructure结构性产品申请第一次审批 (Test_Case.test_运营用户创建结构性产品账户及审批.Test_creatUser没有结构性产品账号及申请结构性产品审批)
2021-09-27 18:13:09,088   18152     INFO result.py(91) - 耗时： 6.196498394012451
2021-09-27 18:13:09,094   18152     INFO result.py(69) - 开始测试： test_14_addAccountStructure结构性产品申请第二次审批 (Test_Case.test_运营用户创建结构性产品账户及审批.Test_creatUser没有结构性产品账号及申请结构性产品审批)
2021-09-27 18:13:09,094   18152     INFO test_运营用户创建结构性产品账户及审批.py(13) - 初始化CreatUser
2021-09-27 18:13:09,094   18152     INFO Creat没有结构性产品账号及申请结构性产品审批.py(834) - 提交审核获取到的手机号为：12220318012
2021-09-27 18:13:09,147   18152     INFO Creat没有结构性产品账号及申请结构性产品审批.py(838) - 获取到结构性产品的申请单编号为：291
2021-09-27 18:13:09,338   18152     INFO Creat没有结构性产品账号及申请结构性产品审批.py(849) - 提交审核接口'http://sit-cdms.ynm3k.com//api/cdms/struc/auditAccountStructure';请求参数为:{'id': 291, 'approvalResult': 'PASS', 'attachUrlList': []};的响应结果为:'{"code":"0000","msg":"操作成功","data":null}'
2021-09-27 18:13:15,345   18152     INFO test_运营用户创建结构性产品账户及审批.py(157) - 接口请求完成后，等待系统处理数据，等待6秒
2021-09-27 18:13:15,345   18152     INFO result.py(156) - 测试执行通过： test_14_addAccountStructure结构性产品申请第二次审批 (Test_Case.test_运营用户创建结构性产品账户及审批.Test_creatUser没有结构性产品账号及申请结构性产品审批)
2021-09-27 18:13:15,345   18152     INFO result.py(90) - 测试结束： test_14_addAccountStructure结构性产品申请第二次审批 (Test_Case.test_运营用户创建结构性产品账户及审批.Test_creatUser没有结构性产品账号及申请结构性产品审批)
2021-09-27 18:13:15,345   18152     INFO result.py(91) - 耗时： 6.250662326812744
2021-09-27 18:13:15,351   18152     INFO result.py(69) - 开始测试： test_15_SQLCheckcd_ac_struc_appl (Test_Case.test_运营用户创建结构性产品账户及审批.Test_creatUser没有结构性产品账号及申请结构性产品审批)
2021-09-27 18:13:15,351   18152     INFO test_运营用户创建结构性产品账户及审批.py(13) - 初始化CreatUser
2021-09-27 18:13:23,390   18152     INFO Creat没有结构性产品账号及申请结构性产品审批.py(861) - 通过'12049'查询cd_ac_struc_appl表的结果为((291, '12049', '120491110', 'R00000154', 4, '刘渊D', 40, 'Y', 'Y', None, None, datetime.datetime(2021, 9, 27, 18, 13, 17), None, 'N', 'gt10Years', 'gt10Years', 'gt10Years', 'gt10Years', 'gt10Years', '', '', 'Y', 'Y', 'N', 'speculation', 'high', datetime.datetime(2021, 9, 27, 18, 12, 57), 'cdmstest', datetime.datetime(2021, 9, 27, 18, 12, 57), 'cdmstest', 3),)
2021-09-27 18:13:23,390   18152     INFO test_运营用户创建结构性产品账户及审批.py(150) - 已执行用例15，数据库校验已完成
2021-09-27 18:13:29,391   18152     INFO test_运营用户创建结构性产品账户及审批.py(157) - 接口请求完成后，等待系统处理数据，等待6秒
2021-09-27 18:13:29,391   18152     INFO result.py(156) - 测试执行通过： test_15_SQLCheckcd_ac_struc_appl (Test_Case.test_运营用户创建结构性产品账户及审批.Test_creatUser没有结构性产品账号及申请结构性产品审批)
2021-09-27 18:13:29,391   18152     INFO result.py(90) - 测试结束： test_15_SQLCheckcd_ac_struc_appl (Test_Case.test_运营用户创建结构性产品账户及审批.Test_creatUser没有结构性产品账号及申请结构性产品审批)
2021-09-27 18:13:29,391   18152     INFO result.py(91) - 耗时： 14.04063892364502
2021-09-27 18:13:29,391   11896     INFO test_runner.py(193) - 
Pass	test_01_applyClient用户资料提交用例校验 (Test_Case.test_运营用户创建审批.Test_creatUser新建用户)
Pass	test_02_submitAudit提交审核 (Test_Case.test_运营用户创建审批.Test_creatUser新建用户)
Pass	test_03_operatingWorkFlowFirst提交锁 (Test_Case.test_运营用户创建审批.Test_creatUser新建用户)
Pass	test_04_saveRiskAssessment风控评估提交 (Test_Case.test_运营用户创建审批.Test_creatUser新建用户)
Pass	test_05_operatingWorkFlow内部人员审核 (Test_Case.test_运营用户创建审批.Test_creatUser新建用户)
Pass	test_06_operatingWorkFlowNo不用锁定审核通过 (Test_Case.test_运营用户创建审批.Test_creatUser新建用户)
Pass	test_07_operatingWorkFlowAgaint提交锁 (Test_Case.test_运营用户创建审批.Test_creatUser新建用户)
Pass	test_08_batchOperatingWorkFlow批量生成账号确定 (Test_Case.test_运营用户创建审批.Test_creatUser新建用户)
Pass	test_09_operatingWorkFlowThird提交锁 (Test_Case.test_运营用户创建审批.Test_creatUser新建用户)
Pass	test_10_batchOperatingWorkFlowEnd批量确认 (Test_Case.test_运营用户创建审批.Test_creatUser新建用户)
Pass	test_11_SQLCheckUser (Test_Case.test_运营用户创建审批.Test_creatUser新建用户)
Pass	test_01_applyClient用户资料提交用例校验 (Test_Case.test_运营用户创建结构性产品账户及审批.Test_creatUser没有结构性产品账号及申请结构性产品审批)
Pass	test_02_submitAudit提交审核 (Test_Case.test_运营用户创建结构性产品账户及审批.Test_creatUser没有结构性产品账号及申请结构性产品审批)
Pass	test_03_operatingWorkFlowFirst提交锁 (Test_Case.test_运营用户创建结构性产品账户及审批.Test_creatUser没有结构性产品账号及申请结构性产品审批)
Pass	test_04_saveRiskAssessment风控评估提交 (Test_Case.test_运营用户创建结构性产品账户及审批.Test_creatUser没有结构性产品账号及申请结构性产品审批)
Pass	test_05_operatingWorkFlow内部人员审核 (Test_Case.test_运营用户创建结构性产品账户及审批.Test_creatUser没有结构性产品账号及申请结构性产品审批)
Pass	test_06_operatingWorkFlowNo不用锁定审核通过 (Test_Case.test_运营用户创建结构性产品账户及审批.Test_creatUser没有结构性产品账号及申请结构性产品审批)
Pass	test_07_operatingWorkFlowAgaint提交锁 (Test_Case.test_运营用户创建结构性产品账户及审批.Test_creatUser没有结构性产品账号及申请结构性产品审批)
Pass	test_08_batchOperatingWorkFlow批量生成账号确定 (Test_Case.test_运营用户创建结构性产品账户及审批.Test_creatUser没有结构性产品账号及申请结构性产品审批)
Pass	test_09_operatingWorkFlowThird提交锁 (Test_Case.test_运营用户创建结构性产品账户及审批.Test_creatUser没有结构性产品账号及申请结构性产品审批)
Pass	test_10_batchOperatingWorkFlowEnd批量确认 (Test_Case.test_运营用户创建结构性产品账户及审批.Test_creatUser没有结构性产品账号及申请结构性产品审批)
Pass	test_11_SQLCheckUser (Test_Case.test_运营用户创建结构性产品账户及审批.Test_creatUser没有结构性产品账号及申请结构性产品审批)
Pass	test_12_addAccountStructure增加结构性产品 (Test_Case.test_运营用户创建结构性产品账户及审批.Test_creatUser没有结构性产品账号及申请结构性产品审批)
Pass	test_13_addAccountStructure结构性产品申请第一次审批 (Test_Case.test_运营用户创建结构性产品账户及审批.Test_creatUser没有结构性产品账号及申请结构性产品审批)
Pass	test_14_addAccountStructure结构性产品申请第二次审批 (Test_Case.test_运营用户创建结构性产品账户及审批.Test_creatUser没有结构性产品账号及申请结构性产品审批)
Pass	test_15_SQLCheckcd_ac_struc_appl (Test_Case.test_运营用户创建结构性产品账户及审批.Test_creatUser没有结构性产品账号及申请结构性产品审批)

2021-09-27 18:13:29,395   11896    ERROR test_runner.py(195) - 
Error	test_01_createExchange创建换汇申请单 (Test_Case.test_创建换汇申请单.Test_CreateExchange新建换汇申请单)
Error	test_02_auditExchange提交审核换汇申请单 (Test_Case.test_创建换汇申请单.Test_CreateExchange新建换汇申请单)
Error	test_03_SQLCheckexchorder (Test_Case.test_创建换汇申请单.Test_CreateExchange新建换汇申请单)

2021-09-27 18:13:29,396   11896     INFO test_runner.py(213) - 
测试结束！
运行时间: 0:05:03.072207
共计执行用例数量：29
执行成功用例数量：26
执行失败用例数量：0
跳过执行用例数量：0
产生异常用例数量：3

